
*** Running vivado
    with args -log top_flyinglogo.vdi -applog -m64 -product Vivado -messageDb vivado.pb -mode batch -source top_flyinglogo.tcl -notrace


****** Vivado v2018.3 (64-bit)
  **** SW Build 2405991 on Thu Dec  6 23:38:27 MST 2018
  **** IP Build 2404404 on Fri Dec  7 01:43:56 MST 2018
    ** Copyright 1986-2018 Xilinx, Inc. All Rights Reserved.

source top_flyinglogo.tcl -notrace
Command: link_design -top top_flyinglogo -part xc7a35tcsg324-1
Design is defaulting to srcset: sources_1
Design is defaulting to constrset: constrs_1
INFO: [Project 1-454] Reading design checkpoint 'e:/FPGA-Projects/lab6_vga/lab6_vga.srcs/sources_1/ip/dcm_25m/dcm_25m.dcp' for cell 'u0'
INFO: [Project 1-454] Reading design checkpoint 'e:/FPGA-Projects/lab6_vga/lab6_vga.srcs/sources_1/ip/logo_rom/logo_rom.dcp' for cell 'u1'
INFO: [Netlist 29-17] Analyzing 34 Unisim elements for replacement
INFO: [Netlist 29-28] Unisim Transformation completed in 0 CPU seconds
INFO: [Project 1-479] Netlist was created with Vivado 2018.3
INFO: [Device 21-403] Loading part xc7a35tcsg324-1
INFO: [Project 1-570] Preparing netlist for logic optimization
Parsing XDC File [e:/FPGA-Projects/lab6_vga/lab6_vga.srcs/sources_1/ip/dcm_25m/dcm_25m_board.xdc] for cell 'u0/inst'
Finished Parsing XDC File [e:/FPGA-Projects/lab6_vga/lab6_vga.srcs/sources_1/ip/dcm_25m/dcm_25m_board.xdc] for cell 'u0/inst'
Parsing XDC File [e:/FPGA-Projects/lab6_vga/lab6_vga.srcs/sources_1/ip/dcm_25m/dcm_25m.xdc] for cell 'u0/inst'
INFO: [Timing 38-35] Done setting XDC timing constraints. [e:/FPGA-Projects/lab6_vga/lab6_vga.srcs/sources_1/ip/dcm_25m/dcm_25m.xdc:57]
INFO: [Timing 38-2] Deriving generated clocks [e:/FPGA-Projects/lab6_vga/lab6_vga.srcs/sources_1/ip/dcm_25m/dcm_25m.xdc:57]
get_clocks: Time (s): cpu = 00:00:09 ; elapsed = 00:00:10 . Memory (MB): peak = 1134.379 ; gain = 521.375
Finished Parsing XDC File [e:/FPGA-Projects/lab6_vga/lab6_vga.srcs/sources_1/ip/dcm_25m/dcm_25m.xdc] for cell 'u0/inst'
Parsing XDC File [E:/FPGA-Projects/lab6_vga/lab6/xdc/display_vga.xdc]
Finished Parsing XDC File [E:/FPGA-Projects/lab6_vga/lab6/xdc/display_vga.xdc]
INFO: [Opt 31-138] Pushed 0 inverter(s) to 0 load pin(s).
Netlist sorting complete. Time (s): cpu = 00:00:00 ; elapsed = 00:00:00.001 . Memory (MB): peak = 1134.379 ; gain = 0.000
INFO: [Project 1-111] Unisim Transformation Summary:
No Unisim elements were transformed.

11 Infos, 0 Warnings, 0 Critical Warnings and 0 Errors encountered.
link_design completed successfully
link_design: Time (s): cpu = 00:00:15 ; elapsed = 00:00:16 . Memory (MB): peak = 1134.379 ; gain = 851.051
Command: opt_design
Attempting to get a license for feature 'Implementation' and/or device 'xc7a35t'
INFO: [Common 17-349] Got license for feature 'Implementation' and/or device 'xc7a35t'
Running DRC as a precondition to command opt_design

Starting DRC Task
INFO: [DRC 23-27] Running DRC with 2 threads
INFO: [Project 1-461] DRC finished with 0 Errors
INFO: [Project 1-462] Please refer to the DRC report (report_drc) for more information.

Time (s): cpu = 00:00:02 ; elapsed = 00:00:00.875 . Memory (MB): peak = 1134.379 ; gain = 0.000

Starting Cache Timing Information Task
INFO: [Timing 38-35] Done setting XDC timing constraints.
Ending Cache Timing Information Task | Checksum: 16c1cf375

Time (s): cpu = 00:00:00 ; elapsed = 00:00:00.034 . Memory (MB): peak = 1151.172 ; gain = 16.793

Starting Logic Optimization Task

Phase 1 Retarget
INFO: [Opt 31-138] Pushed 1 inverter(s) to 1 load pin(s).
INFO: [Opt 31-49] Retargeted 0 cell(s).
Phase 1 Retarget | Checksum: 1fc976317

Time (s): cpu = 00:00:00 ; elapsed = 00:00:00.034 . Memory (MB): peak = 1233.508 ; gain = 0.000
INFO: [Opt 31-389] Phase Retarget created 0 cells and removed 1 cells
INFO: [Opt 31-1021] In phase Retarget, 1 netlist objects are constrained preventing optimization. Please run opt_design with -debug_log to get more detail. 

Phase 2 Constant propagation
INFO: [Opt 31-138] Pushed 0 inverter(s) to 0 load pin(s).
Phase 2 Constant propagation | Checksum: 1fc976317

Time (s): cpu = 00:00:00 ; elapsed = 00:00:00.040 . Memory (MB): peak = 1233.508 ; gain = 0.000
INFO: [Opt 31-389] Phase Constant propagation created 0 cells and removed 0 cells

Phase 3 Sweep
Phase 3 Sweep | Checksum: 2544ccc5b

Time (s): cpu = 00:00:00 ; elapsed = 00:00:00.062 . Memory (MB): peak = 1233.508 ; gain = 0.000
INFO: [Opt 31-389] Phase Sweep created 0 cells and removed 0 cells

Phase 4 BUFG optimization
INFO: [Opt 31-194] Inserted BUFG u0/inst/clk_out1_dcm_25m_BUFG_inst to drive 0 load(s) on clock net u0/inst/clk_out1_dcm_25m_BUFG
INFO: [Opt 31-193] Inserted 1 BUFG(s) on clock nets
Phase 4 BUFG optimization | Checksum: 2344b7315

Time (s): cpu = 00:00:00 ; elapsed = 00:00:00.075 . Memory (MB): peak = 1233.508 ; gain = 0.000
INFO: [Opt 31-662] Phase BUFG optimization created 0 cells of which 0 are BUFGs and removed 0 cells.

Phase 5 Shift Register Optimization
Phase 5 Shift Register Optimization | Checksum: 1f84ab16a

Time (s): cpu = 00:00:00 ; elapsed = 00:00:00.116 . Memory (MB): peak = 1233.508 ; gain = 0.000
INFO: [Opt 31-389] Phase Shift Register Optimization created 0 cells and removed 0 cells

Phase 6 Post Processing Netlist
Phase 6 Post Processing Netlist | Checksum: 1af88066e

Time (s): cpu = 00:00:00 ; elapsed = 00:00:00.124 . Memory (MB): peak = 1233.508 ; gain = 0.000
INFO: [Opt 31-389] Phase Post Processing Netlist created 0 cells and removed 0 cells
Opt_design Change Summary
=========================


-------------------------------------------------------------------------------------------------------------------------
|  Phase                        |  #Cells created  |  #Cells Removed  |  #Constrained objects preventing optimizations  |
-------------------------------------------------------------------------------------------------------------------------
|  Retarget                     |               0  |               1  |                                              1  |
|  Constant propagation         |               0  |               0  |                                              0  |
|  Sweep                        |               0  |               0  |                                              0  |
|  BUFG optimization            |               0  |               0  |                                              0  |
|  Shift Register Optimization  |               0  |               0  |                                              0  |
|  Post Processing Netlist      |               0  |               0  |                                              0  |
-------------------------------------------------------------------------------------------------------------------------



Starting Connectivity Check Task

Time (s): cpu = 00:00:00 ; elapsed = 00:00:00.002 . Memory (MB): peak = 1233.508 ; gain = 0.000
Ending Logic Optimization Task | Checksum: 12d1c1301

Time (s): cpu = 00:00:00 ; elapsed = 00:00:00.129 . Memory (MB): peak = 1233.508 ; gain = 0.000

Starting Power Optimization Task
INFO: [Pwropt 34-132] Skipping clock gating for clocks with a period < 2.00 ns.
INFO: [Timing 38-35] Done setting XDC timing constraints.
INFO: [Physopt 32-619] Estimated Timing Summary | WNS=33.284 | TNS=0.000 |
Running Vector-less Activity Propagation...

Finished Running Vector-less Activity Propagation
INFO: [Pwropt 34-9] Applying IDT optimizations ...
INFO: [Pwropt 34-10] Applying ODC optimizations ...


Starting PowerOpt Patch Enables Task
INFO: [Pwropt 34-162] WRITE_MODE attribute of 0 BRAM(s) out of a total of 6 has been updated to save power. Run report_power_opt to get a complete listing of the BRAMs updated.
INFO: [Pwropt 34-201] Structural ODC has moved 0 WE to EN ports
Number of BRAM Ports augmented: 4 newly gated: 6 Total Ports: 12
Number of Flops added for Enable Generation: 8

Ending PowerOpt Patch Enables Task | Checksum: 13fbc9e9f

Time (s): cpu = 00:00:00 ; elapsed = 00:00:00.059 . Memory (MB): peak = 1391.219 ; gain = 0.000
Ending Power Optimization Task | Checksum: 13fbc9e9f

Time (s): cpu = 00:00:02 ; elapsed = 00:00:01 . Memory (MB): peak = 1391.219 ; gain = 157.711

Starting Final Cleanup Task

Starting Logic Optimization Task
INFO: [Timing 38-35] Done setting XDC timing constraints.
INFO: [Opt 31-194] Inserted BUFG u0/inst/clk_out1_dcm_25m_BUFG_inst to drive 0 load(s) on clock net u0/inst/clk_out1_dcm_25m_BUFG
INFO: [Opt 31-193] Inserted 1 BUFG(s) on clock nets
Ending Logic Optimization Task | Checksum: 1bf53f403

Time (s): cpu = 00:00:00 ; elapsed = 00:00:00.081 . Memory (MB): peak = 1391.219 ; gain = 0.000
Ending Final Cleanup Task | Checksum: 1bf53f403

Time (s): cpu = 00:00:01 ; elapsed = 00:00:01 . Memory (MB): peak = 1391.219 ; gain = 0.000

Starting Netlist Obfuscation Task
Netlist sorting complete. Time (s): cpu = 00:00:00 ; elapsed = 00:00:00.001 . Memory (MB): peak = 1391.219 ; gain = 0.000
Ending Netlist Obfuscation Task | Checksum: 1bf53f403

Time (s): cpu = 00:00:00 ; elapsed = 00:00:00.001 . Memory (MB): peak = 1391.219 ; gain = 0.000
INFO: [Common 17-83] Releasing license: Implementation
39 Infos, 0 Warnings, 0 Critical Warnings and 0 Errors encountered.
opt_design completed successfully
Netlist sorting complete. Time (s): cpu = 00:00:00 ; elapsed = 00:00:00.001 . Memory (MB): peak = 1391.219 ; gain = 0.000
INFO: [Timing 38-480] Writing timing data to binary archive.
Writing placer database...
Netlist sorting complete. Time (s): cpu = 00:00:00 ; elapsed = 00:00:00.001 . Memory (MB): peak = 1391.219 ; gain = 0.000
Writing XDEF routing.
Writing XDEF routing logical nets.
Writing XDEF routing special nets.
Write XDEF Complete: Time (s): cpu = 00:00:00 ; elapsed = 00:00:00.148 . Memory (MB): peak = 1391.219 ; gain = 0.000
INFO: [Common 17-1381] The checkpoint 'E:/FPGA-Projects/lab6_vga/lab6_vga.runs/impl_1/top_flyinglogo_opt.dcp' has been generated.
INFO: [runtcl-4] Executing : report_drc -file top_flyinglogo_drc_opted.rpt -pb top_flyinglogo_drc_opted.pb -rpx top_flyinglogo_drc_opted.rpx
Command: report_drc -file top_flyinglogo_drc_opted.rpt -pb top_flyinglogo_drc_opted.pb -rpx top_flyinglogo_drc_opted.rpx
INFO: [IP_Flow 19-1839] IP Catalog is up to date.
INFO: [DRC 23-27] Running DRC with 2 threads
INFO: [Coretcl 2-168] The results of DRC are in file E:/FPGA-Projects/lab6_vga/lab6_vga.runs/impl_1/top_flyinglogo_drc_opted.rpt.
report_drc completed successfully
Command: place_design
Attempting to get a license for feature 'Implementation' and/or device 'xc7a35t'
INFO: [Common 17-349] Got license for feature 'Implementation' and/or device 'xc7a35t'
INFO: [DRC 23-27] Running DRC with 2 threads
INFO: [Vivado_Tcl 4-198] DRC finished with 0 Errors
INFO: [Vivado_Tcl 4-199] Please refer to the DRC report (report_drc) for more information.
Running DRC as a precondition to command place_design
INFO: [DRC 23-27] Running DRC with 2 threads
INFO: [Vivado_Tcl 4-198] DRC finished with 0 Errors
INFO: [Vivado_Tcl 4-199] Please refer to the DRC report (report_drc) for more information.

Starting Placer Task
INFO: [Place 30-611] Multithreading enabled for place_design using a maximum of 2 CPUs

Phase 1 Placer Initialization

Phase 1.1 Placer Initialization Netlist Sorting
Netlist sorting complete. Time (s): cpu = 00:00:00 ; elapsed = 00:00:00.001 . Memory (MB): peak = 1391.219 ; gain = 0.000
Phase 1.1 Placer Initialization Netlist Sorting | Checksum: 17a85cab2

Time (s): cpu = 00:00:00 ; elapsed = 00:00:00.005 . Memory (MB): peak = 1391.219 ; gain = 0.000
Netlist sorting complete. Time (s): cpu = 00:00:00 ; elapsed = 00:00:00 . Memory (MB): peak = 1391.219 ; gain = 0.000

Phase 1.2 IO Placement/ Clock Placement/ Build Placer Device
INFO: [Timing 38-35] Done setting XDC timing constraints.
Phase 1.2 IO Placement/ Clock Placement/ Build Placer Device | Checksum: 3cfb258b

Time (s): cpu = 00:00:01 ; elapsed = 00:00:00.622 . Memory (MB): peak = 1391.219 ; gain = 0.000

Phase 1.3 Build Placer Netlist Model
Phase 1.3 Build Placer Netlist Model | Checksum: 1356457a3

Time (s): cpu = 00:00:01 ; elapsed = 00:00:00.779 . Memory (MB): peak = 1391.219 ; gain = 0.000

Phase 1.4 Constrain Clocks/Macros
Phase 1.4 Constrain Clocks/Macros | Checksum: 1356457a3

Time (s): cpu = 00:00:01 ; elapsed = 00:00:00.781 . Memory (MB): peak = 1391.219 ; gain = 0.000
Phase 1 Placer Initialization | Checksum: 1356457a3

Time (s): cpu = 00:00:01 ; elapsed = 00:00:00.783 . Memory (MB): peak = 1391.219 ; gain = 0.000

Phase 2 Global Placement

Phase 2.1 Floorplanning
Phase 2.1 Floorplanning | Checksum: 9342da9e

Time (s): cpu = 00:00:01 ; elapsed = 00:00:00.845 . Memory (MB): peak = 1391.219 ; gain = 0.000

Phase 2.2 Physical Synthesis In Placer
INFO: [Physopt 32-65] No nets found for high-fanout optimization.
INFO: [Physopt 32-232] Optimized 0 net. Created 0 new instance.
INFO: [Physopt 32-775] End 1 Pass. Optimized 0 net or cell. Created 0 new cell, deleted 0 existing cell and moved 0 existing cell
INFO: [Physopt 32-670] No setup violation found.  DSP Register Optimization was not performed.
INFO: [Physopt 32-670] No setup violation found.  Shift Register Optimization was not performed.
INFO: [Physopt 32-670] No setup violation found.  BRAM Register Optimization was not performed.
INFO: [Physopt 32-949] No candidate nets found for HD net replication
INFO: [Physopt 32-775] End 1 Pass. Optimized 0 net or cell. Created 0 new cell, deleted 0 existing cell and moved 0 existing cell
Netlist sorting complete. Time (s): cpu = 00:00:00 ; elapsed = 00:00:00 . Memory (MB): peak = 1391.219 ; gain = 0.000

Summary of Physical Synthesis Optimizations
============================================


----------------------------------------------------------------------------------------------------------------------------------------
|  Optimization                  |  Added Cells  |  Removed Cells  |  Optimized Cells/Nets  |  Dont Touch  |  Iterations  |  Elapsed   |
----------------------------------------------------------------------------------------------------------------------------------------
|  Very High Fanout              |            0  |              0  |                     0  |           0  |           1  |  00:00:00  |
|  DSP Register                  |            0  |              0  |                     0  |           0  |           0  |  00:00:00  |
|  Shift Register                |            0  |              0  |                     0  |           0  |           0  |  00:00:00  |
|  BRAM Register                 |            0  |              0  |                     0  |           0  |           0  |  00:00:00  |
|  HD Interface Net Replication  |            0  |              0  |                     0  |           0  |           1  |  00:00:00  |
|  Total                         |            0  |              0  |                     0  |           0  |           2  |  00:00:00  |
----------------------------------------------------------------------------------------------------------------------------------------


Phase 2.2 Physical Synthesis In Placer | Checksum: 12a6c7734

Time (s): cpu = 00:00:03 ; elapsed = 00:00:02 . Memory (MB): peak = 1391.219 ; gain = 0.000
Phase 2 Global Placement | Checksum: 110421ec7

Time (s): cpu = 00:00:03 ; elapsed = 00:00:02 . Memory (MB): peak = 1391.219 ; gain = 0.000

Phase 3 Detail Placement

Phase 3.1 Commit Multi Column Macros
Phase 3.1 Commit Multi Column Macros | Checksum: 110421ec7

Time (s): cpu = 00:00:03 ; elapsed = 00:00:02 . Memory (MB): peak = 1391.219 ; gain = 0.000

Phase 3.2 Commit Most Macros & LUTRAMs
Phase 3.2 Commit Most Macros & LUTRAMs | Checksum: 17e841ae1

Time (s): cpu = 00:00:03 ; elapsed = 00:00:02 . Memory (MB): peak = 1391.219 ; gain = 0.000

Phase 3.3 Area Swap Optimization
Phase 3.3 Area Swap Optimization | Checksum: 12a835ab3

Time (s): cpu = 00:00:03 ; elapsed = 00:00:02 . Memory (MB): peak = 1391.219 ; gain = 0.000

Phase 3.4 Pipeline Register Optimization
Phase 3.4 Pipeline Register Optimization | Checksum: 13a23d8a9

Time (s): cpu = 00:00:03 ; elapsed = 00:00:02 . Memory (MB): peak = 1391.219 ; gain = 0.000

Phase 3.5 Small Shape Detail Placement
Phase 3.5 Small Shape Detail Placement | Checksum: 126047ba9

Time (s): cpu = 00:00:04 ; elapsed = 00:00:02 . Memory (MB): peak = 1391.219 ; gain = 0.000

Phase 3.6 Re-assign LUT pins
Phase 3.6 Re-assign LUT pins | Checksum: 15a34521e

Time (s): cpu = 00:00:04 ; elapsed = 00:00:02 . Memory (MB): peak = 1391.219 ; gain = 0.000

Phase 3.7 Pipeline Register Optimization
Phase 3.7 Pipeline Register Optimization | Checksum: 14b80e010

Time (s): cpu = 00:00:04 ; elapsed = 00:00:02 . Memory (MB): peak = 1391.219 ; gain = 0.000
Phase 3 Detail Placement | Checksum: 14b80e010

Time (s): cpu = 00:00:04 ; elapsed = 00:00:02 . Memory (MB): peak = 1391.219 ; gain = 0.000

Phase 4 Post Placement Optimization and Clean-Up

Phase 4.1 Post Commit Optimization
INFO: [Timing 38-35] Done setting XDC timing constraints.

Phase 4.1.1 Post Placement Optimization
Post Placement Optimization Initialization | Checksum: 1d263b292

Phase 4.1.1.1 BUFG Insertion
INFO: [Place 46-46] BUFG insertion identified 0 candidate nets, 0 success, 0 bufg driver replicated, 0 skipped for placement/routing, 0 skipped for timing, 0 skipped for netlist change reason
Phase 4.1.1.1 BUFG Insertion | Checksum: 1d263b292

Time (s): cpu = 00:00:04 ; elapsed = 00:00:02 . Memory (MB): peak = 1391.219 ; gain = 0.000
INFO: [Place 30-746] Post Placement Timing Summary WNS=32.835. For the most accurate timing information please run report_timing.
Phase 4.1.1 Post Placement Optimization | Checksum: 1f8fa6d90

Time (s): cpu = 00:00:04 ; elapsed = 00:00:02 . Memory (MB): peak = 1391.219 ; gain = 0.000
Phase 4.1 Post Commit Optimization | Checksum: 1f8fa6d90

Time (s): cpu = 00:00:04 ; elapsed = 00:00:02 . Memory (MB): peak = 1391.219 ; gain = 0.000

Phase 4.2 Post Placement Cleanup
Phase 4.2 Post Placement Cleanup | Checksum: 1f8fa6d90

Time (s): cpu = 00:00:04 ; elapsed = 00:00:02 . Memory (MB): peak = 1391.219 ; gain = 0.000

Phase 4.3 Placer Reporting
Phase 4.3 Placer Reporting | Checksum: 1f8fa6d90

Time (s): cpu = 00:00:04 ; elapsed = 00:00:02 . Memory (MB): peak = 1391.219 ; gain = 0.000

Phase 4.4 Final Placement Cleanup
Netlist sorting complete. Time (s): cpu = 00:00:00 ; elapsed = 00:00:00 . Memory (MB): peak = 1391.219 ; gain = 0.000
Phase 4.4 Final Placement Cleanup | Checksum: 25178bdd3

Time (s): cpu = 00:00:04 ; elapsed = 00:00:02 . Memory (MB): peak = 1391.219 ; gain = 0.000
Phase 4 Post Placement Optimization and Clean-Up | Checksum: 25178bdd3

Time (s): cpu = 00:00:04 ; elapsed = 00:00:02 . Memory (MB): peak = 1391.219 ; gain = 0.000
Ending Placer Task | Checksum: 1b6347c40

Time (s): cpu = 00:00:04 ; elapsed = 00:00:02 . Memory (MB): peak = 1391.219 ; gain = 0.000
INFO: [Common 17-83] Releasing license: Implementation
66 Infos, 0 Warnings, 0 Critical Warnings and 0 Errors encountered.
place_design completed successfully
Netlist sorting complete. Time (s): cpu = 00:00:00 ; elapsed = 00:00:00 . Memory (MB): peak = 1391.219 ; gain = 0.000
INFO: [Timing 38-480] Writing timing data to binary archive.
Writing placer database...
Writing XDEF routing.
Writing XDEF routing logical nets.
Writing XDEF routing special nets.
Write XDEF Complete: Time (s): cpu = 00:00:00 ; elapsed = 00:00:00.085 . Memory (MB): peak = 1391.219 ; gain = 0.000
Netlist sorting complete. Time (s): cpu = 00:00:00 ; elapsed = 00:00:00 . Memory (MB): peak = 1391.219 ; gain = 0.000
INFO: [Common 17-1381] The checkpoint 'E:/FPGA-Projects/lab6_vga/lab6_vga.runs/impl_1/top_flyinglogo_placed.dcp' has been generated.
INFO: [runtcl-4] Executing : report_io -file top_flyinglogo_io_placed.rpt
report_io: Time (s): cpu = 00:00:00 ; elapsed = 00:00:00.045 . Memory (MB): peak = 1391.219 ; gain = 0.000
INFO: [runtcl-4] Executing : report_utilization -file top_flyinglogo_utilization_placed.rpt -pb top_flyinglogo_utilization_placed.pb
INFO: [runtcl-4] Executing : report_control_sets -verbose -file top_flyinglogo_control_sets_placed.rpt
report_control_sets: Time (s): cpu = 00:00:00 ; elapsed = 00:00:00.002 . Memory (MB): peak = 1391.219 ; gain = 0.000
Command: route_design
Attempting to get a license for feature 'Implementation' and/or device 'xc7a35t'
INFO: [Common 17-349] Got license for feature 'Implementation' and/or device 'xc7a35t'
Running DRC as a precondition to command route_design
INFO: [DRC 23-27] Running DRC with 2 threads
INFO: [Vivado_Tcl 4-198] DRC finished with 0 Errors
INFO: [Vivado_Tcl 4-199] Please refer to the DRC report (report_drc) for more information.


Starting Routing Task
INFO: [Route 35-254] Multithreading enabled for route_design using a maximum of 2 CPUs
Checksum: PlaceDB: fc712c18 ConstDB: 0 ShapeSum: b9c35028 RouteDB: 0

Phase 1 Build RT Design
Phase 1 Build RT Design | Checksum: 85b57454

Time (s): cpu = 00:00:23 ; elapsed = 00:00:21 . Memory (MB): peak = 1391.219 ; gain = 0.000
Post Restoration Checksum: NetGraph: 4dfd624f NumContArr: 37b81205 Constraints: 0 Timing: 0

Phase 2 Router Initialization

Phase 2.1 Create Timer
Phase 2.1 Create Timer | Checksum: 85b57454

Time (s): cpu = 00:00:23 ; elapsed = 00:00:21 . Memory (MB): peak = 1391.219 ; gain = 0.000

Phase 2.2 Fix Topology Constraints
Phase 2.2 Fix Topology Constraints | Checksum: 85b57454

Time (s): cpu = 00:00:23 ; elapsed = 00:00:21 . Memory (MB): peak = 1391.219 ; gain = 0.000

Phase 2.3 Pre Route Cleanup
Phase 2.3 Pre Route Cleanup | Checksum: 85b57454

Time (s): cpu = 00:00:23 ; elapsed = 00:00:21 . Memory (MB): peak = 1391.219 ; gain = 0.000
 Number of Nodes with overlaps = 0

Phase 2.4 Update Timing
Phase 2.4 Update Timing | Checksum: 160d5f58d

Time (s): cpu = 00:00:24 ; elapsed = 00:00:21 . Memory (MB): peak = 1392.496 ; gain = 1.277
INFO: [Route 35-416] Intermediate Timing Summary | WNS=32.966 | TNS=0.000  | WHS=-0.141 | THS=-6.347 |

Phase 2 Router Initialization | Checksum: 1ab0d6e3f

Time (s): cpu = 00:00:24 ; elapsed = 00:00:21 . Memory (MB): peak = 1392.496 ; gain = 1.277

Phase 3 Initial Routing
Phase 3 Initial Routing | Checksum: e90ba05d

Time (s): cpu = 00:00:24 ; elapsed = 00:00:21 . Memory (MB): peak = 1394.707 ; gain = 3.488

Phase 4 Rip-up And Reroute

Phase 4.1 Global Iteration 0
 Number of Nodes with overlaps = 11
 Number of Nodes with overlaps = 0
INFO: [Route 35-416] Intermediate Timing Summary | WNS=32.134 | TNS=0.000  | WHS=N/A    | THS=N/A    |

Phase 4.1 Global Iteration 0 | Checksum: 12b4120f6

Time (s): cpu = 00:00:24 ; elapsed = 00:00:21 . Memory (MB): peak = 1394.707 ; gain = 3.488
Phase 4 Rip-up And Reroute | Checksum: 12b4120f6

Time (s): cpu = 00:00:24 ; elapsed = 00:00:21 . Memory (MB): peak = 1394.707 ; gain = 3.488

Phase 5 Delay and Skew Optimization

Phase 5.1 Delay CleanUp

Phase 5.1.1 Update Timing
Phase 5.1.1 Update Timing | Checksum: 1be1002ad

Time (s): cpu = 00:00:24 ; elapsed = 00:00:21 . Memory (MB): peak = 1394.707 ; gain = 3.488
INFO: [Route 35-416] Intermediate Timing Summary | WNS=32.214 | TNS=0.000  | WHS=N/A    | THS=N/A    |

Phase 5.1 Delay CleanUp | Checksum: 1be1002ad

Time (s): cpu = 00:00:24 ; elapsed = 00:00:21 . Memory (MB): peak = 1394.707 ; gain = 3.488

Phase 5.2 Clock Skew Optimization
Phase 5.2 Clock Skew Optimization | Checksum: 1be1002ad

Time (s): cpu = 00:00:24 ; elapsed = 00:00:21 . Memory (MB): peak = 1394.707 ; gain = 3.488
Phase 5 Delay and Skew Optimization | Checksum: 1be1002ad

Time (s): cpu = 00:00:24 ; elapsed = 00:00:21 . Memory (MB): peak = 1394.707 ; gain = 3.488

Phase 6 Post Hold Fix

Phase 6.1 Hold Fix Iter

Phase 6.1.1 Update Timing
Phase 6.1.1 Update Timing | Checksum: 1c7c4f4a2

Time (s): cpu = 00:00:24 ; elapsed = 00:00:22 . Memory (MB): peak = 1394.707 ; gain = 3.488
INFO: [Route 35-416] Intermediate Timing Summary | WNS=32.214 | TNS=0.000  | WHS=0.130  | THS=0.000  |

Phase 6.1 Hold Fix Iter | Checksum: 1e490fd78

Time (s): cpu = 00:00:24 ; elapsed = 00:00:22 . Memory (MB): peak = 1394.707 ; gain = 3.488
Phase 6 Post Hold Fix | Checksum: 1e490fd78

Time (s): cpu = 00:00:24 ; elapsed = 00:00:22 . Memory (MB): peak = 1394.707 ; gain = 3.488

Phase 7 Route finalize

Router Utilization Summary
  Global Vertical Routing Utilization    = 0.103643 %
  Global Horizontal Routing Utilization  = 0.0994274 %
  Routable Net Status*
  *Does not include unroutable nets such as driverless and loadless.
  Run report_route_status for detailed report.
  Number of Failed Nets               = 0
  Number of Unrouted Nets             = 0
  Number of Partially Routed Nets     = 0
  Number of Node Overlaps             = 0

Phase 7 Route finalize | Checksum: 1fe052210

Time (s): cpu = 00:00:24 ; elapsed = 00:00:22 . Memory (MB): peak = 1394.707 ; gain = 3.488

Phase 8 Verifying routed nets

 Verification completed successfully
Phase 8 Verifying routed nets | Checksum: 1fe052210

Time (s): cpu = 00:00:24 ; elapsed = 00:00:22 . Memory (MB): peak = 1394.707 ; gain = 3.488

Phase 9 Depositing Routes
Phase 9 Depositing Routes | Checksum: 233b9da81

Time (s): cpu = 00:00:24 ; elapsed = 00:00:22 . Memory (MB): peak = 1394.707 ; gain = 3.488

Phase 10 Post Router Timing
INFO: [Route 35-57] Estimated Timing Summary | WNS=32.214 | TNS=0.000  | WHS=0.130  | THS=0.000  |

INFO: [Route 35-327] The final timing numbers are based on the router estimated timing analysis. For a complete and accurate timing signoff, please run report_timing_summary.
Phase 10 Post Router Timing | Checksum: 233b9da81

Time (s): cpu = 00:00:25 ; elapsed = 00:00:22 . Memory (MB): peak = 1394.707 ; gain = 3.488
INFO: [Route 35-16] Router Completed Successfully

Time (s): cpu = 00:00:25 ; elapsed = 00:00:22 . Memory (MB): peak = 1394.707 ; gain = 3.488

Routing Is Done.
INFO: [Common 17-83] Releasing license: Implementation
84 Infos, 0 Warnings, 0 Critical Warnings and 0 Errors encountered.
route_design completed successfully
route_design: Time (s): cpu = 00:00:27 ; elapsed = 00:00:23 . Memory (MB): peak = 1394.707 ; gain = 3.488
Netlist sorting complete. Time (s): cpu = 00:00:00 ; elapsed = 00:00:00 . Memory (MB): peak = 1394.707 ; gain = 0.000
INFO: [Timing 38-480] Writing timing data to binary archive.
Writing placer database...
Writing XDEF routing.
Writing XDEF routing logical nets.
Writing XDEF routing special nets.
Write XDEF Complete: Time (s): cpu = 00:00:00 ; elapsed = 00:00:00.096 . Memory (MB): peak = 1394.707 ; gain = 0.000
Netlist sorting complete. Time (s): cpu = 00:00:00 ; elapsed = 00:00:00.001 . Memory (MB): peak = 1394.707 ; gain = 0.000
INFO: [Common 17-1381] The checkpoint 'E:/FPGA-Projects/lab6_vga/lab6_vga.runs/impl_1/top_flyinglogo_routed.dcp' has been generated.
INFO: [runtcl-4] Executing : report_drc -file top_flyinglogo_drc_routed.rpt -pb top_flyinglogo_drc_routed.pb -rpx top_flyinglogo_drc_routed.rpx
Command: report_drc -file top_flyinglogo_drc_routed.rpt -pb top_flyinglogo_drc_routed.pb -rpx top_flyinglogo_drc_routed.rpx
INFO: [IP_Flow 19-1839] IP Catalog is up to date.
INFO: [DRC 23-27] Running DRC with 2 threads
INFO: [Coretcl 2-168] The results of DRC are in file E:/FPGA-Projects/lab6_vga/lab6_vga.runs/impl_1/top_flyinglogo_drc_routed.rpt.
report_drc completed successfully
INFO: [runtcl-4] Executing : report_methodology -file top_flyinglogo_methodology_drc_routed.rpt -pb top_flyinglogo_methodology_drc_routed.pb -rpx top_flyinglogo_methodology_drc_routed.rpx
Command: report_methodology -file top_flyinglogo_methodology_drc_routed.rpt -pb top_flyinglogo_methodology_drc_routed.pb -rpx top_flyinglogo_methodology_drc_routed.rpx
INFO: [Timing 38-35] Done setting XDC timing constraints.
INFO: [DRC 23-133] Running Methodology with 2 threads
INFO: [Coretcl 2-1520] The results of Report Methodology are in file E:/FPGA-Projects/lab6_vga/lab6_vga.runs/impl_1/top_flyinglogo_methodology_drc_routed.rpt.
report_methodology completed successfully
INFO: [runtcl-4] Executing : report_power -file top_flyinglogo_power_routed.rpt -pb top_flyinglogo_power_summary_routed.pb -rpx top_flyinglogo_power_routed.rpx
Command: report_power -file top_flyinglogo_power_routed.rpt -pb top_flyinglogo_power_summary_routed.pb -rpx top_flyinglogo_power_routed.rpx
INFO: [Timing 38-35] Done setting XDC timing constraints.
Running Vector-less Activity Propagation...

Finished Running Vector-less Activity Propagation
96 Infos, 0 Warnings, 0 Critical Warnings and 0 Errors encountered.
report_power completed successfully
INFO: [runtcl-4] Executing : report_route_status -file top_flyinglogo_route_status.rpt -pb top_flyinglogo_route_status.pb
INFO: [runtcl-4] Executing : report_timing_summary -max_paths 10 -file top_flyinglogo_timing_summary_routed.rpt -pb top_flyinglogo_timing_summary_routed.pb -rpx top_flyinglogo_timing_summary_routed.rpx -warn_on_violation 
INFO: [Timing 38-91] UpdateTimingParams: Speed grade: -1, Delay Type: min_max.
INFO: [Timing 38-191] Multithreading enabled for timing update using a maximum of 2 CPUs
INFO: [runtcl-4] Executing : report_incremental_reuse -file top_flyinglogo_incremental_reuse_routed.rpt
INFO: [Vivado_Tcl 4-1062] Incremental flow is disabled. No incremental reuse Info to report.
INFO: [runtcl-4] Executing : report_clock_utilization -file top_flyinglogo_clock_utilization_routed.rpt
INFO: [runtcl-4] Executing : report_bus_skew -warn_on_violation -file top_flyinglogo_bus_skew_routed.rpt -pb top_flyinglogo_bus_skew_routed.pb -rpx top_flyinglogo_bus_skew_routed.rpx
INFO: [Timing 38-91] UpdateTimingParams: Speed grade: -1, Delay Type: min_max.
INFO: [Timing 38-191] Multithreading enabled for timing update using a maximum of 2 CPUs
Command: write_bitstream -force top_flyinglogo.bit
Attempting to get a license for feature 'Implementation' and/or device 'xc7a35t'
INFO: [Common 17-349] Got license for feature 'Implementation' and/or device 'xc7a35t'
Running DRC as a precondition to command write_bitstream
INFO: [IP_Flow 19-1839] IP Catalog is up to date.
INFO: [DRC 23-27] Running DRC with 2 threads
WARNING: [DRC CFGBVS-1] Missing CFGBVS and CONFIG_VOLTAGE Design Properties: Neither the CFGBVS nor CONFIG_VOLTAGE voltage property is set in the current_design.  Configuration bank voltage select (CFGBVS) must be set to VCCO or GND, and CONFIG_VOLTAGE must be set to the correct configuration voltage, in order to determine the I/O voltage support for the pins in bank 0.  It is suggested to specify these either using the 'Edit Device Properties' function in the GUI or directly in the XDC file using the following syntax:

 set_property CFGBVS value1 [current_design]
 #where value1 is either VCCO or GND

 set_property CONFIG_VOLTAGE value2 [current_design]
 #where value2 is the voltage provided to configuration bank 0

Refer to the device configuration user guide for more information.
INFO: [Vivado 12-3199] DRC finished with 0 Errors, 1 Warnings
INFO: [Vivado 12-3200] Please refer to the DRC report (report_drc) for more information.
INFO: [Designutils 20-2272] Running write_bitstream with 2 threads.
Loading data files...
Loading site data...
Loading route data...
Processing options...
Creating bitmap...
Creating bitstream...
Writing bitstream ./top_flyinglogo.bit...
INFO: [Vivado 12-1842] Bitgen Completed Successfully.
INFO: [Project 1-120] WebTalk data collection is mandatory when using a WebPACK part without a full Vivado license. To see the specific WebTalk data collected for your design, open the usage_statistics_webtalk.html or usage_statistics_webtalk.xml file in the implementation directory.
INFO: [Common 17-83] Releasing license: Implementation
115 Infos, 1 Warnings, 0 Critical Warnings and 0 Errors encountered.
write_bitstream completed successfully
write_bitstream: Time (s): cpu = 00:00:14 ; elapsed = 00:00:14 . Memory (MB): peak = 1822.938 ; gain = 396.121
INFO: [Common 17-206] Exiting Vivado at Thu Jul 30 11:26:02 2020...
