Copyright 1986-2018 Xilinx, Inc. All Rights Reserved.
------------------------------------------------------------------------------------
| Tool Version : Vivado v.2018.3 (win64) Build 2405991 Thu Dec  6 23:38:27 MST 2018
| Date         : Thu Jul 30 20:17:12 2020
| Host         : DESKTOP-TSK87CH running 64-bit major release  (build 9200)
| Command      : report_control_sets -verbose -file vga3_control_sets_placed.rpt
| Design       : vga3
| Device       : xc7a35t
------------------------------------------------------------------------------------

Control Set Information

Table of Contents
-----------------
1. Summary
2. Histogram
3. Flip-Flop Distribution
4. Detailed Control Set Information

1. Summary
----------

+----------------------------------------------------------+-------+
|                          Status                          | Count |
+----------------------------------------------------------+-------+
| Number of unique control sets                            |     4 |
| Unused register locations in slices containing registers |    25 |
+----------------------------------------------------------+-------+


2. Histogram
------------

+--------+--------------+
| Fanout | Control Sets |
+--------+--------------+
|      2 |            1 |
|      9 |            1 |
|     10 |            2 |
+--------+--------------+


3. Flip-Flop Distribution
-------------------------

+--------------+-----------------------+------------------------+-----------------+--------------+
| Clock Enable | Synchronous Set/Reset | Asynchronous Set/Reset | Total Registers | Total Slices |
+--------------+-----------------------+------------------------+-----------------+--------------+
| No           | No                    | No                     |              11 |            7 |
| No           | No                    | Yes                    |               0 |            0 |
| No           | Yes                   | No                     |              10 |            4 |
| Yes          | No                    | No                     |               0 |            0 |
| Yes          | No                    | Yes                    |               0 |            0 |
| Yes          | Yes                   | No                     |              10 |            3 |
+--------------+-----------------------+------------------------+-----------------+--------------+


4. Detailed Control Set Information
-----------------------------------

+------------------+-------------------+-------------------+------------------+----------------+
|   Clock Signal   |   Enable Signal   |  Set/Reset Signal | Slice Load Count | Bel Load Count |
+------------------+-------------------+-------------------+------------------+----------------+
|  clk_IBUF_BUFG   |                   |                   |                1 |              2 |
|  vga_clk_reg_n_0 |                   |                   |                6 |              9 |
|  vga_clk_reg_n_0 |                   | hcount[9]_i_1_n_0 |                4 |             10 |
|  vga_clk_reg_n_0 | hcount[9]_i_1_n_0 | vcount            |                3 |             10 |
+------------------+-------------------+-------------------+------------------+----------------+


